I0223 15:14:54.242909       1 etcd.go:44] [OCPBUGS-63228][g=group13-666] Group created: users=[user20-666]
I0223 15:15:34.157571       1 etcd.go:44] [OCPBUGS-63228][g=group20-666] Group created: users=[user6-666]
I0223 15:15:50.930562       1 etcd.go:49] [OCPBUGS-63228][g=group20-666] Group updated: users=[user6-666 user4-666]
I0223 15:16:01.197928       1 etcd.go:49] [OCPBUGS-63228][g=group2-666] Group updated: users=[user4-666 user3-666]
I0223 15:16:12.104049       1 etcd.go:44] [OCPBUGS-63228][g=group6-666] Group created: users=[user8-666]
I0223 15:16:29.504803       1 etcd.go:49] [OCPBUGS-63228][g=group6-666] Group updated: users=[user8-666 user2-666]
I0223 15:16:52.266581       1 etcd.go:44] [OCPBUGS-63228][g=group3-666] Group created: users=[user9-666]
I0223 15:17:08.591070       1 etcd.go:49] [OCPBUGS-63228][g=group10-666] Group updated: users=[user4-666 user18-666]
I0223 15:17:14.208865       1 etcd.go:49] [OCPBUGS-63228][g=group6-666] Group updated: users=[user8-666 user2-666 user14-666 user17-666]
I0223 15:17:31.297214       1 etcd.go:49] [OCPBUGS-63228][g=group9-666] Group updated: users=[user15-666 user16-666]
I0223 15:17:42.531548       1 etcd.go:44] [OCPBUGS-63228][g=group8-666] Group created: users=[user17-666]
I0223 15:18:16.934271       1 etcd.go:49] [OCPBUGS-63228][g=group8-666] Group updated: users=[user17-666 user13-666 user3-666]
I0223 15:18:28.759148       1 etcd.go:49] [OCPBUGS-63228][g=group19-666] Group updated: users=[user9-666 user20-666 user1-666]
I0223 15:18:46.568741       1 etcd.go:49] [OCPBUGS-63228][g=group8-666] Group updated: users=[user17-666]
I0223 15:18:52.704413       1 etcd.go:49] [OCPBUGS-63228][g=group9-666] Group updated: users=[user16-666 user9-666]
I0223 15:18:58.255925       1 etcd.go:49] [OCPBUGS-63228][g=group18-666] Group updated: users=[user9-666 user5-666]
I0223 15:19:32.580298       1 etcd.go:49] [OCPBUGS-63228][g=group16-666] Group updated: users=[user20-666 user3-666 user15-666]
I0223 15:19:43.907042       1 etcd.go:49] [OCPBUGS-63228][g=group2-666] Group updated: users=[user4-666 user3-666 user17-666]
I0223 15:20:07.357377       1 etcd.go:49] [OCPBUGS-63228][g=group13-666] Group updated: users=[user20-666 user2-666 user19-666 user1-666 user3-666]
I0223 15:20:12.985782       1 etcd.go:49] [OCPBUGS-63228][g=group10-666] Group updated: users=[user4-666 user18-666 user20-666]
I0223 15:20:29.217566       1 etcd.go:49] [OCPBUGS-63228][g=group8-666] Group updated: users=[user17-666 user6-666]
I0223 15:21:03.598297       1 etcd.go:49] [OCPBUGS-63228][g=group8-666] Group updated: users=[user17-666 user6-666 user12-666]
I0223 15:21:26.104836       1 etcd.go:49] [OCPBUGS-63228][g=group15-666] Group updated: users=[user14-666]
I0223 15:21:31.834922       1 etcd.go:49] [OCPBUGS-63228][g=group16-666] Group updated: users=[user20-666 user3-666 user15-666 user1-666]
I0223 15:21:42.998956       1 etcd.go:49] [OCPBUGS-63228][g=group2-666] Group updated: users=[user4-666 user3-666 user17-666 user16-666]
I0223 15:21:48.234615       1 etcd.go:49] [OCPBUGS-63228][g=group10-666] Group updated: users=[user4-666 user18-666 user20-666 user17-666]
I0223 15:21:54.038071       1 etcd.go:49] [OCPBUGS-63228][g=group8-666] Group updated: users=[user17-666 user6-666 user12-666 user1-666]
I0223 15:21:59.589568       1 etcd.go:49] [OCPBUGS-63228][g=group14-666] Group updated: users=[user13-666 user20-666 user11-666]
I0223 15:22:05.635021       1 etcd.go:49] [OCPBUGS-63228][g=group8-666] Group updated: users=[user17-666 user6-666 user12-666 user1-666 user8-666]
I0223 15:22:11.469605       1 etcd.go:49] [OCPBUGS-63228][g=group17-666] Group updated: users=[user13-666 user6-666]
I0223 15:22:17.297703       1 etcd.go:49] [OCPBUGS-63228][g=group1-666] Group updated: users=[user15-666 user3-666]
I0223 15:22:34.303926       1 etcd.go:49] [OCPBUGS-63228][g=group9-666] Group updated: users=[user16-666 user9-666 user20-666 user6-666 user2-666]
I0223 15:23:37.492862       1 etcd.go:49] [OCPBUGS-63228][g=group2-666] Group updated: users=[user4-666 user3-666 user17-666 user16-666 user12-666]
I0223 15:23:42.708883       1 etcd.go:49] [OCPBUGS-63228][g=group11-666] Group updated: users=[user17-666 user7-666 user14-666]
I0223 15:23:48.231865       1 etcd.go:49] [OCPBUGS-63228][g=group14-666] Group updated: users=[user13-666 user20-666 user11-666 user18-666]
I0223 15:23:53.660212       1 etcd.go:49] [OCPBUGS-63228][g=group18-666] Group updated: users=[user9-666 user5-666 user17-666 user12-666 user8-666]
I0223 15:23:58.865815       1 etcd.go:49] [OCPBUGS-63228][g=group4-666] Group updated: users=[user11-666 user19-666 user4-666 user16-666 user10-666]
I0223 15:24:21.716086       1 etcd.go:49] [OCPBUGS-63228][g=group13-666] Group updated: users=[user20-666 user2-666 user19-666 user1-666 user3-666 user18-666 user9-666]
I0223 15:24:26.975480       1 etcd.go:49] [OCPBUGS-63228][g=group14-666] Group updated: users=[user13-666 user20-666 user11-666]
I0223 15:24:37.878784       1 etcd.go:49] [OCPBUGS-63228][g=group1-666] Group updated: users=[user15-666 user3-666 user11-666]
I0223 15:24:49.259524       1 etcd.go:49] [OCPBUGS-63228][g=group9-666] Group updated: users=[user9-666 user20-666 user6-666 user2-666]
I0223 15:25:11.589581       1 etcd.go:49] [OCPBUGS-63228][g=group10-666] Group updated: users=[user4-666 user18-666 user17-666 user5-666]
I0223 15:25:17.328699       1 etcd.go:49] [OCPBUGS-63228][g=group14-666] Group updated: users=[user13-666 user20-666 user11-666 user9-666]
I0223 15:25:33.447102       1 etcd.go:49] [OCPBUGS-63228][g=group16-666] Group updated: users=[user20-666 user3-666 user15-666 user16-666]
I0223 15:25:39.130897       1 etcd.go:49] [OCPBUGS-63228][g=group9-666] Group updated: users=[user9-666 user20-666 user6-666 user2-666 user10-666]
I0223 15:25:49.990451       1 etcd.go:49] [OCPBUGS-63228][g=group13-666] Group updated: users=[user20-666 user2-666 user19-666 user1-666 user3-666 user9-666 user8-666]
I0223 15:26:34.226070       1 etcd.go:49] [OCPBUGS-63228][g=group18-666] Group updated: users=[user9-666 user5-666 user17-666 user12-666 user8-666 user15-666]
I0223 15:26:39.774461       1 etcd.go:49] [OCPBUGS-63228][g=group12-666] Group updated: users=[user2-666 user9-666 user1-666]
I0223 15:26:45.391023       1 etcd.go:49] [OCPBUGS-63228][g=group17-666] Group updated: users=[user6-666 user9-666]
I0223 15:26:51.022218       1 etcd.go:49] [OCPBUGS-63228][g=group6-666] Group updated: users=[user8-666 user2-666 user14-666 user17-666 user1-666 user18-666 user12-666 user11-666]
I0223 15:28:01.273761       1 etcd.go:49] [OCPBUGS-63228][g=group14-666] Group updated: users=[user20-666 user11-666 user9-666 user6-666]
I0223 15:28:06.803891       1 etcd.go:49] [OCPBUGS-63228][g=group10-666] Group updated: users=[user4-666 user17-666 user5-666 user15-666 user3-666]
I0223 15:28:11.783238       1 etcd.go:49] [OCPBUGS-63228][g=group5-666] Group updated: users=[user11-666 user20-666 user9-666 user1-666 user5-666 user13-666 user4-666]
I0223 15:38:26.686543       1 etcd.go:44] [OCPBUGS-63228][g=group1-777] Group created: users=[user20-777]
I0223 15:38:31.177924       1 etcd.go:49] [OCPBUGS-63228][g=group1-777] Group updated: users=[user20-777 user3-777]
I0223 15:38:40.142819       1 etcd.go:49] [OCPBUGS-63228][g=group15-777] Group updated: users=[user20-777 user2-777]
I0223 15:39:07.463084       1 etcd.go:49] [OCPBUGS-63228][g=group15-777] Group updated: users=[user20-777 user2-777 user7-777]
I0223 15:39:16.506831       1 etcd.go:49] [OCPBUGS-63228][g=group17-777] Group updated: users=[user6-777 user8-777]
I0223 15:39:34.525385       1 etcd.go:49] [OCPBUGS-63228][g=group9-777] Group updated: users=[user5-777 user18-777]
I0223 15:39:43.600226       1 etcd.go:49] [OCPBUGS-63228][g=group1-777] Group updated: users=[user20-777 user3-777 user13-777 user19-777]
I0223 15:40:01.933077       1 etcd.go:44] [OCPBUGS-63228][g=group16-777] Group created: users=[user5-777]
I0223 15:40:06.481582       1 etcd.go:44] [OCPBUGS-63228][g=group5-777] Group created: users=[user9-777]
I0223 15:40:15.453032       1 etcd.go:49] [OCPBUGS-63228][g=group10-777] Group updated: users=[user15-777 user10-777]
I0223 15:40:19.889814       1 etcd.go:49] [OCPBUGS-63228][g=group3-777] Group updated: users=[user4-777]
I0223 15:40:28.914772       1 etcd.go:44] [OCPBUGS-63228][g=group6-777] Group created: users=[user20-777]
I0223 15:40:37.950623       1 etcd.go:49] [OCPBUGS-63228][g=group5-777] Group updated: users=[user9-777 user3-777]
I0223 15:40:51.392600       1 etcd.go:49] [OCPBUGS-63228][g=group4-777] Group updated: users=[user20-777 user4-777 user11-777]
I0223 15:41:23.109974       1 etcd.go:49] [OCPBUGS-63228][g=group17-777] Group updated: users=[user6-777 user8-777 user5-777 user16-777 user2-777]
I0223 16:13:53.677288       1 etcd.go:44] [OCPBUGS-63228][g=group19-888] Group created: users=[user7-888]
I0223 16:14:10.728119       1 etcd.go:49] [OCPBUGS-63228][g=group1-888] Group updated: users=[user8-888 user1-888]
I0223 16:14:50.974721       1 etcd.go:44] [OCPBUGS-63228][g=group4-888] Group created: users=[user16-888]
I0223 16:15:08.081806       1 etcd.go:44] [OCPBUGS-63228][g=group11-888] Group created: users=[user14-888]
I0223 16:15:13.596007       1 etcd.go:49] [OCPBUGS-63228][g=group1-888] Group updated: users=[user8-888 user1-888 user7-888 user12-888]
I0223 16:15:19.007788       1 etcd.go:44] [OCPBUGS-63228][g=group12-888] Group created: users=[user11-888]
I0223 16:15:58.433050       1 etcd.go:49] [OCPBUGS-63228][g=group17-888] Group updated: users=[user8-888 user10-888]
I0223 16:16:04.340715       1 etcd.go:44] [OCPBUGS-63228][g=group16-888] Group created: users=[user2-888]
I0223 16:16:27.110495       1 etcd.go:49] [OCPBUGS-63228][g=group5-888] Group updated: users=[user11-888 user20-888 user2-888]
I0223 16:16:38.513055       1 etcd.go:49] [OCPBUGS-63228][g=group17-888] Group updated: users=[user8-888 user10-888 user14-888]
I0223 16:16:49.559213       1 etcd.go:44] [OCPBUGS-63228][g=group2-888] Group created: users=[user4-888]
I0223 16:17:07.145344       1 etcd.go:49] [OCPBUGS-63228][g=group5-888] Group updated: users=[user11-888 user20-888 user2-888 user3-888]
I0223 16:17:12.378617       1 etcd.go:49] [OCPBUGS-63228][g=group8-888] Group updated: users=[user4-888 user3-888 user5-888 user13-888]
I0223 16:17:52.347610       1 etcd.go:49] [OCPBUGS-63228][g=group5-888] Group updated: users=[user11-888 user20-888 user2-888 user3-888 user16-888]
I0223 16:18:03.185516       1 etcd.go:49] [OCPBUGS-63228][g=group19-888] Group updated: users=[user7-888 user20-888 user4-888]
I0223 16:18:29.274558       1 etcd.go:49] [OCPBUGS-63228][g=group17-888] Group updated: users=[user8-888 user10-888 user14-888 user7-888 user18-888]
I0223 16:18:39.731468       1 etcd.go:49] [OCPBUGS-63228][g=group5-888] Group updated: users=[user11-888 user20-888 user2-888 user3-888 user16-888 user10-888]
I0223 16:19:11.008992       1 etcd.go:49] [OCPBUGS-63228][g=group5-888] Group updated: users=[user11-888 user20-888 user2-888 user3-888 user16-888 user10-888 user9-888]
I0223 16:19:22.016282       1 etcd.go:49] [OCPBUGS-63228][g=group18-888] Group updated: users=[user1-888 user17-888 user20-888]
I0223 16:19:32.781296       1 etcd.go:49] [OCPBUGS-63228][g=group20-888] Group updated: users=[user17-888 user2-888]
I0223 16:19:49.848974       1 etcd.go:49] [OCPBUGS-63228][g=group14-888] Group updated: users=[user7-888 user15-888 user11-888]
I0223 16:20:01.027896       1 etcd.go:49] [OCPBUGS-63228][g=group15-888] Group updated: users=[user5-888 user2-888 user4-888 user9-888]
I0223 16:20:23.455581       1 etcd.go:49] [OCPBUGS-63228][g=group7-888] Group updated: users=[user1-888 user8-888 user12-888 user14-888]
I0223 16:20:28.214492       1 etcd.go:49] [OCPBUGS-63228][g=group4-888] Group updated: users=[user16-888 user13-888 user8-888 user17-888]
I0223 16:20:33.684004       1 etcd.go:49] [OCPBUGS-63228][g=group1-888] Group updated: users=[user8-888 user1-888 user7-888 user12-888 user13-888 user18-888 user5-888 user3-888]
I0223 16:20:43.804648       1 etcd.go:49] [OCPBUGS-63228][g=group14-888] Group updated: users=[user7-888 user15-888 user11-888 user10-888]
I0223 16:20:49.666005       1 etcd.go:49] [OCPBUGS-63228][g=group16-888] Group updated: users=[user2-888 user20-888]
I0223 16:21:01.342531       1 etcd.go:49] [OCPBUGS-63228][g=group11-888] Group updated: users=[user14-888 user6-888 user8-888]
I0223 16:21:23.749142       1 etcd.go:49] [OCPBUGS-63228][g=group9-888] Group updated: users=[user18-888 user15-888 user7-888]
I0223 16:21:52.073790       1 etcd.go:49] [OCPBUGS-63228][g=group4-888] Group updated: users=[user16-888 user13-888 user8-888 user17-888 user14-888]
I0223 16:21:57.571861       1 etcd.go:49] [OCPBUGS-63228][g=group12-888] Group updated: users=[user3-888 user7-888]
I0223 16:22:08.721875       1 etcd.go:49] [OCPBUGS-63228][g=group5-888] Group updated: users=[user11-888 user20-888 user2-888 user3-888 user16-888 user10-888 user9-888 user4-888]
I0223 16:22:25.098917       1 etcd.go:49] [OCPBUGS-63228][g=group14-888] Group updated: users=[user7-888 user15-888 user11-888 user10-888 user8-888 user17-888 user6-888]
I0223 16:22:30.937809       1 etcd.go:49] [OCPBUGS-63228][g=group19-888] Group updated: users=[user7-888 user20-888 user4-888 user15-888]
I0223 16:22:36.306340       1 etcd.go:49] [OCPBUGS-63228][g=group7-888] Group updated: users=[user1-888 user8-888 user12-888 user14-888 user16-888]
I0223 16:23:08.309647       1 etcd.go:49] [OCPBUGS-63228][g=group5-888] Group updated: users=[user11-888 user20-888 user2-888 user3-888 user16-888 user10-888 user9-888 user4-888]
I0224 10:27:06.043963       1 etcd.go:44] [OCPBUGS-63228][g=group4-999] Group created: users=[user12-999]
I0224 10:27:14.283060       1 etcd.go:44] [OCPBUGS-63228][g=group2-999] Group created: users=[user20-999]
I0224 10:27:18.474067       1 etcd.go:44] [OCPBUGS-63228][g=group16-999] Group created: users=[user2-999]
I0224 10:27:22.381750       1 etcd.go:44] [OCPBUGS-63228][g=group8-999] Group created: users=[user17-999]
I0224 10:27:26.203051       1 etcd.go:44] [OCPBUGS-63228][g=group7-999] Group created: users=[user19-999]
I0224 10:27:30.022084       1 etcd.go:49] [OCPBUGS-63228][g=group16-999] Group updated: users=[user2-999 user15-999]
I0224 10:27:33.976648       1 etcd.go:49] [OCPBUGS-63228][g=group8-999] Group updated: users=[user17-999 user8-999]
I0224 10:27:54.139644       1 etcd.go:44] [OCPBUGS-63228][g=group13-999] Group created: users=[user8-999]
I0224 10:27:58.291917       1 etcd.go:44] [OCPBUGS-63228][g=group6-999] Group created: users=[user5-999]
I0224 10:28:14.276328       1 etcd.go:44] [OCPBUGS-63228][g=group9-999] Group created: users=[user3-999]
I0224 10:28:18.153767       1 etcd.go:49] [OCPBUGS-63228][g=group15-999] Group updated: users=[user1-999 user15-999]
I0224 10:28:29.984003       1 etcd.go:49] [OCPBUGS-63228][g=group20-999] Group updated: users=[user18-999 user15-999]
I0224 10:28:49.766327       1 etcd.go:49] [OCPBUGS-63228][g=group2-999] Group updated: users=[user20-999 user12-999 user6-999]
I0224 10:29:01.682992       1 etcd.go:49] [OCPBUGS-63228][g=group15-999] Group updated: users=[user1-999 user15-999 user17-999]
I0224 10:29:05.524991       1 etcd.go:44] [OCPBUGS-63228][g=group11-999] Group created: users=[user8-999]
I0224 10:29:17.590251       1 etcd.go:44] [OCPBUGS-63228][g=group1-999] Group created: users=[user2-999]
I0224 10:29:56.705377       1 etcd.go:49] [OCPBUGS-63228][g=group6-999] Group updated: users=[user5-999 user18-999]
I0224 10:30:00.671667       1 etcd.go:49] [OCPBUGS-63228][g=group4-999] Group updated: users=[user12-999 user19-999 user5-999 user7-999 user18-999]
I0224 10:30:04.990133       1 etcd.go:49] [OCPBUGS-63228][g=group1-999] Group updated: users=[user2-999 user20-999 user12-999]
I0224 10:30:20.611856       1 etcd.go:49] [OCPBUGS-63228][g=group11-999] Group updated: users=[user8-999 user10-999]
I0224 10:30:28.715410       1 etcd.go:49] [OCPBUGS-63228][g=group5-999] Group updated: users=[user9-999 user18-999]
I0224 10:30:55.999084       1 etcd.go:49] [OCPBUGS-63228][g=group11-999] Group updated: users=[user8-999 user10-999 user11-999]
I0224 10:31:00.171754       1 etcd.go:49] [OCPBUGS-63228][g=group11-999] Group updated: users=[user8-999 user10-999 user11-999 user18-999]
I0224 10:31:04.249752       1 etcd.go:49] [OCPBUGS-63228][g=group16-999] Group updated: users=[user2-999 user15-999 user8-999]
I0224 10:31:15.906715       1 etcd.go:49] [OCPBUGS-63228][g=group11-999] Group updated: users=[user8-999 user10-999 user11-999 user18-999 user14-999]
I0224 10:31:19.795767       1 etcd.go:49] [OCPBUGS-63228][g=group13-999] Group updated: users=[user8-999 user3-999 user11-999]
I0224 10:31:23.600657       1 etcd.go:49] [OCPBUGS-63228][g=group8-999] Group updated: users=[user17-999 user8-999 user4-999]
I0224 10:31:27.459897       1 etcd.go:49] [OCPBUGS-63228][g=group2-999] Group updated: users=[user20-999 user12-999 user11-999]
I0224 10:36:00.772807       1 etcd.go:49] [OCPBUGS-63228][g=group5-123] Group updated: users=[user12-123 user20-123]
I0224 10:36:04.625146       1 etcd.go:44] [OCPBUGS-63228][g=group11-123] Group created: users=[user3-123]
I0224 10:36:08.494353       1 etcd.go:44] [OCPBUGS-63228][g=group18-123] Group created: users=[user2-123]
I0224 10:36:27.435037       1 etcd.go:44] [OCPBUGS-63228][g=group6-123] Group created: users=[user10-123]
I0224 10:36:31.262198       1 etcd.go:49] [OCPBUGS-63228][g=group9-123] Group updated: users=[user9-123 user17-123 user20-123]
I0224 10:36:34.992034       1 etcd.go:44] [OCPBUGS-63228][g=group14-123] Group created: users=[user19-123]
I0224 10:36:47.220222       1 etcd.go:44] [OCPBUGS-63228][g=group2-123] Group created: users=[user7-123]
I0224 10:37:10.741364       1 etcd.go:49] [OCPBUGS-63228][g=group8-123] Group updated: users=[user18-123 user14-123]
I0224 10:37:18.306044       1 etcd.go:49] [OCPBUGS-63228][g=group2-123] Group updated: users=[user7-123 user10-123]
I0224 10:37:25.920766       1 etcd.go:44] [OCPBUGS-63228][g=group19-123] Group created: users=[user7-123]
I0224 10:37:37.432063       1 etcd.go:49] [OCPBUGS-63228][g=group4-123] Group updated: users=[user8-123 user18-123 user12-123]
I0224 10:37:41.215763       1 etcd.go:49] [OCPBUGS-63228][g=group8-123] Group updated: users=[user18-123 user14-123 user3-123]
I0224 10:37:45.553349       1 etcd.go:49] [OCPBUGS-63228][g=group19-123] Group updated: users=[user7-123 user3-123]
I0224 10:37:53.288695       1 etcd.go:49] [OCPBUGS-63228][g=group20-123] Group updated: users=[user20-123 user16-123]
I0224 10:38:00.963217       1 etcd.go:49] [OCPBUGS-63228][g=group4-123] Group updated: users=[user8-123 user18-123 user12-123 user14-123]
I0224 10:38:16.349977       1 etcd.go:49] [OCPBUGS-63228][g=group7-123] Group updated: users=[user4-123 user12-123 user13-123]
I0224 10:38:47.117138       1 etcd.go:49] [OCPBUGS-63228][g=group18-123] Group updated: users=[user2-123 user6-123]
I0224 10:38:58.611183       1 etcd.go:44] [OCPBUGS-63228][g=group16-123] Group created: users=[user6-123]
I0224 10:39:10.162291       1 etcd.go:49] [OCPBUGS-63228][g=group1-123] Group updated: users=[user5-123]
I0224 10:39:13.960677       1 etcd.go:49] [OCPBUGS-63228][g=group19-123] Group updated: users=[user7-123 user3-123 user11-123]
I0224 10:39:21.755485       1 etcd.go:49] [OCPBUGS-63228][g=group6-123] Group updated: users=[user10-123 user19-123]
I0224 10:39:57.558234       1 etcd.go:49] [OCPBUGS-63228][g=group10-123] Group updated: users=[user20-123 user4-123]
I0224 10:40:07.367533       1 etcd.go:49] [OCPBUGS-63228][g=group12-123] Group updated: users=[user4-123 user7-123 user12-123 user8-123]
I0224 10:40:22.268904       1 etcd.go:49] [OCPBUGS-63228][g=group6-123] Group updated: users=[user19-123 user9-123]
I0224 10:40:41.145235       1 etcd.go:49] [OCPBUGS-63228][g=group4-123] Group updated: users=[user18-123 user14-123 user3-123 user6-123 user7-123]
I0224 10:40:56.818036       1 etcd.go:49] [OCPBUGS-63228][g=group11-123] Group updated: users=[user3-123 user1-123 user8-123]
I0224 10:41:00.610561       1 etcd.go:49] [OCPBUGS-63228][g=group19-123] Group updated: users=[user7-123 user3-123 user11-123 user10-123]
I0224 10:41:36.419517       1 etcd.go:49] [OCPBUGS-63228][g=group8-123] Group updated: users=[user14-123 user12-123]
I0224 10:42:11.008668       1 etcd.go:49] [OCPBUGS-63228][g=group4-123] Group updated: users=[user18-123 user14-123 user3-123 user6-123]
I0224 10:42:18.726406       1 etcd.go:49] [OCPBUGS-63228][g=group11-123] Group updated: users=[user3-123 user1-123 user8-123 user12-123 user5-123]
I0224 10:42:22.509656       1 etcd.go:49] [OCPBUGS-63228][g=group5-123] Group updated: users=[user20-123 user16-123 user17-123]
I0224 10:42:26.315308       1 etcd.go:49] [OCPBUGS-63228][g=group6-123] Group updated: users=[user19-123 user9-123 user3-123 user20-123 user16-123]
