I0223 15:15:05.183740       1 etcd.go:44] [OCPBUGS-63228][g=group9-666] Group created: users=[user4-666]
I0223 15:15:16.552816       1 etcd.go:49] [OCPBUGS-63228][g=group13-666] Group updated: users=[user20-666 user2-666]
I0223 15:15:28.083801       1 etcd.go:49] [OCPBUGS-63228][g=group9-666] Group updated: users=[user4-666 user15-666]
I0223 15:15:39.734332       1 etcd.go:44] [OCPBUGS-63228][g=group14-666] Group created: users=[user13-666]
I0223 15:15:56.175794       1 etcd.go:44] [OCPBUGS-63228][g=group16-666] Group created: users=[user20-666]
I0223 15:16:06.942086       1 etcd.go:49] [OCPBUGS-63228][g=group9-666] Group updated: users=[user4-666 user15-666 user16-666]
I0223 15:16:17.781551       1 etcd.go:44] [OCPBUGS-63228][g=group5-666] Group created: users=[user11-666]
I0223 15:16:23.763933       1 etcd.go:49] [OCPBUGS-63228][g=group13-666] Group updated: users=[user20-666 user2-666 user19-666]
I0223 15:16:35.400567       1 etcd.go:44] [OCPBUGS-63228][g=group17-666] Group created: users=[user16-666]
I0223 15:16:46.456307       1 etcd.go:49] [OCPBUGS-63228][g=group13-666] Group updated: users=[user20-666 user2-666 user19-666 user1-666]
I0223 15:17:03.347834       1 etcd.go:44] [OCPBUGS-63228][g=group10-666] Group created: users=[user4-666]
I0223 15:17:25.977034       1 etcd.go:49] [OCPBUGS-63228][g=group5-666] Group updated: users=[user11-666 user16-666]
I0223 15:17:54.433608       1 etcd.go:49] [OCPBUGS-63228][g=group3-666] Group updated: users=[user9-666 user6-666 user2-666]
I0223 15:17:59.840668       1 etcd.go:49] [OCPBUGS-63228][g=group9-666] Group updated: users=[user15-666 user16-666 user9-666]
I0223 15:18:23.237081       1 etcd.go:49] [OCPBUGS-63228][g=group8-666] Group updated: users=[user17-666 user13-666]
I0223 15:19:09.806468       1 etcd.go:49] [OCPBUGS-63228][g=group3-666] Group updated: users=[user9-666 user6-666 user2-666 user11-666 user20-666]
I0223 15:19:15.857583       1 etcd.go:49] [OCPBUGS-63228][g=group9-666] Group updated: users=[user16-666 user9-666 user20-666]
I0223 15:19:26.810467       1 etcd.go:49] [OCPBUGS-63228][g=group16-666] Group updated: users=[user20-666 user3-666]
I0223 15:19:38.339702       1 etcd.go:49] [OCPBUGS-63228][g=group1-666] Group updated: users=[user16-666 user15-666]
I0223 15:19:49.440511       1 etcd.go:49] [OCPBUGS-63228][g=group7-666] Group updated: users=[user8-666 user6-666]
I0223 15:19:55.587513       1 etcd.go:49] [OCPBUGS-63228][g=group6-666] Group updated: users=[user8-666 user2-666 user14-666 user17-666 user1-666 user18-666]
I0223 15:20:01.421153       1 etcd.go:49] [OCPBUGS-63228][g=group4-666] Group updated: users=[user11-666 user19-666]
I0223 15:20:23.948102       1 etcd.go:49] [OCPBUGS-63228][g=group15-666] Group updated: users=[user4-666 user14-666]
I0223 15:20:35.110820       1 etcd.go:49] [OCPBUGS-63228][g=group7-666] Group updated: users=[user8-666 user6-666 user14-666]
I0223 15:20:40.840498       1 etcd.go:49] [OCPBUGS-63228][g=group1-666] Group updated: users=[user15-666]
I0223 15:20:46.894047       1 etcd.go:44] [OCPBUGS-63228][g=group12-666] Group created: users=[user2-666]
I0223 15:21:20.574423       1 etcd.go:49] [OCPBUGS-63228][g=group7-666] Group updated: users=[user8-666 user6-666 user14-666 user20-666]
I0223 15:23:03.033141       1 etcd.go:49] [OCPBUGS-63228][g=group11-666] Group updated: users=[user17-666 user7-666]
I0223 15:23:08.516306       1 etcd.go:49] [OCPBUGS-63228][g=group5-666] Group updated: users=[user11-666 user20-666]
I0223 15:23:14.548194       1 etcd.go:49] [OCPBUGS-63228][g=group5-666] Group updated: users=[user11-666 user20-666 user9-666]
I0223 15:24:04.210993       1 etcd.go:49] [OCPBUGS-63228][g=group8-666] Group updated: users=[user17-666 user6-666 user12-666 user1-666 user8-666 user20-666]
I0223 15:25:00.740361       1 etcd.go:49] [OCPBUGS-63228][g=group12-666] Group updated: users=[user2-666 user9-666]
I0223 15:25:28.499185       1 etcd.go:49] [OCPBUGS-63228][g=group16-666] Group updated: users=[user20-666 user3-666 user15-666 user1-666 user16-666]
I0223 15:25:55.517326       1 etcd.go:49] [OCPBUGS-63228][g=group17-666] Group updated: users=[user13-666 user6-666 user9-666]
I0223 15:26:06.441566       1 etcd.go:49] [OCPBUGS-63228][g=group8-666] Group updated: users=[user17-666 user6-666 user12-666 user1-666 user8-666 user20-666 user14-666]
I0223 15:27:01.435080       1 etcd.go:49] [OCPBUGS-63228][g=group10-666] Group updated: users=[user4-666 user17-666 user5-666 user15-666]
I0223 15:27:06.690434       1 etcd.go:49] [OCPBUGS-63228][g=group14-666] Group updated: users=[user13-666 user20-666 user11-666 user9-666 user6-666]
I0223 15:27:17.923089       1 etcd.go:49] [OCPBUGS-63228][g=group7-666] Group updated: users=[user8-666 user6-666 user14-666 user20-666 user7-666 user3-666]
I0223 15:27:23.260388       1 etcd.go:49] [OCPBUGS-63228][g=group12-666] Group updated: users=[user2-666 user9-666 user1-666 user20-666]
I0223 15:27:39.806818       1 etcd.go:49] [OCPBUGS-63228][g=group16-666] Group updated: users=[user20-666 user3-666 user15-666]
I0223 15:27:50.515760       1 etcd.go:49] [OCPBUGS-63228][g=group19-666] Group updated: users=[user9-666 user20-666 user13-666]
I0223 15:27:55.753583       1 etcd.go:49] [OCPBUGS-63228][g=group7-666] Group updated: users=[user8-666 user6-666 user14-666 user20-666 user7-666 user12-666]
I0223 15:37:59.689281       1 etcd.go:44] [OCPBUGS-63228][g=group13-777] Group created: users=[user10-777]
I0223 15:38:04.232952       1 etcd.go:44] [OCPBUGS-63228][g=group11-777] Group created: users=[user12-777]
I0223 15:38:17.738723       1 etcd.go:44] [OCPBUGS-63228][g=group10-777] Group created: users=[user15-777]
I0223 15:38:22.211770       1 etcd.go:44] [OCPBUGS-63228][g=group15-777] Group created: users=[user20-777]
I0223 15:38:44.739535       1 etcd.go:49] [OCPBUGS-63228][g=group13-777] Group updated: users=[user10-777 user8-777]
I0223 15:38:49.200111       1 etcd.go:44] [OCPBUGS-63228][g=group9-777] Group created: users=[user5-777]
I0223 15:38:53.742817       1 etcd.go:44] [OCPBUGS-63228][g=group18-777] Group created: users=[user2-777]
I0223 15:38:58.283780       1 etcd.go:44] [OCPBUGS-63228][g=group17-777] Group created: users=[user6-777]
I0223 15:39:02.830206       1 etcd.go:49] [OCPBUGS-63228][g=group20-777] Group updated: users=[user1-777 user2-777]
I0223 15:39:12.024361       1 etcd.go:49] [OCPBUGS-63228][g=group13-777] Group updated: users=[user10-777]
I0223 15:39:25.506084       1 etcd.go:44] [OCPBUGS-63228][g=group4-777] Group created: users=[user20-777]
I0223 15:39:39.047981       1 etcd.go:49] [OCPBUGS-63228][g=group4-777] Group updated: users=[user20-777 user4-777]
I0223 15:39:48.283844       1 etcd.go:49] [OCPBUGS-63228][g=group3-777] Group updated: users=[user4-777 user11-777]
I0223 15:39:52.843401       1 etcd.go:49] [OCPBUGS-63228][g=group17-777] Group updated: users=[user6-777 user8-777 user5-777]
I0223 15:40:24.391114       1 etcd.go:44] [OCPBUGS-63228][g=group14-777] Group created: users=[user12-777]
I0223 15:40:33.440340       1 etcd.go:49] [OCPBUGS-63228][g=group6-777] Group updated: users=[user20-777 user4-777]
I0223 15:40:46.906727       1 etcd.go:49] [OCPBUGS-63228][g=group20-777] Group updated: users=[user1-777 user2-777 user15-777]
I0223 15:40:55.877050       1 etcd.go:49] [OCPBUGS-63228][g=group11-777] Group updated: users=[user12-777 user14-777]
I0223 15:41:04.844394       1 etcd.go:49] [OCPBUGS-63228][g=group6-777] Group updated: users=[user20-777 user4-777 user8-777]
I0223 15:41:13.962649       1 etcd.go:49] [OCPBUGS-63228][g=group13-777] Group updated: users=[user10-777 user11-777]
I0223 15:41:18.495658       1 etcd.go:49] [OCPBUGS-63228][g=group16-777] Group updated: users=[user5-777 user7-777]
I0223 15:41:27.605269       1 etcd.go:44] [OCPBUGS-63228][g=group7-777] Group created: users=[user16-777]
I0223 15:41:32.127945       1 etcd.go:49] [OCPBUGS-63228][g=group4-777] Group updated: users=[user20-777 user4-777 user11-777 user16-777 user1-777]
I0223 15:41:36.678727       1 etcd.go:49] [OCPBUGS-63228][g=group1-777] Group updated: users=[user20-777 user3-777 user13-777 user19-777 user1-777]
I0223 15:41:45.724741       1 etcd.go:49] [OCPBUGS-63228][g=group6-777] Group updated: users=[user20-777 user8-777]
I0223 16:14:05.277017       1 etcd.go:44] [OCPBUGS-63228][g=group1-888] Group created: users=[user8-888]
I0223 16:14:28.081133       1 etcd.go:44] [OCPBUGS-63228][g=group8-888] Group created: users=[user4-888]
I0223 16:14:39.600006       1 etcd.go:44] [OCPBUGS-63228][g=group20-888] Group created: users=[user17-888]
I0223 16:14:44.972566       1 etcd.go:44] [OCPBUGS-63228][g=group18-888] Group created: users=[user1-888]
I0223 16:15:24.274016       1 etcd.go:44] [OCPBUGS-63228][g=group15-888] Group created: users=[user5-888]
I0223 16:15:36.004034       1 etcd.go:49] [OCPBUGS-63228][g=group10-888] Group updated: users=[user4-888 user5-888]
I0223 16:15:47.141946       1 etcd.go:49] [OCPBUGS-63228][g=group14-888] Group updated: users=[user7-888 user15-888]
I0223 16:15:53.059407       1 etcd.go:49] [OCPBUGS-63228][g=group1-888] Group updated: users=[user8-888 user1-888 user7-888 user12-888 user13-888]
I0223 16:16:55.580514       1 etcd.go:49] [OCPBUGS-63228][g=group19-888] Group updated: users=[user7-888 user20-888]
I0223 16:17:17.772112       1 etcd.go:49] [OCPBUGS-63228][g=group11-888] Group updated: users=[user14-888 user6-888]
I0223 16:17:29.707775       1 etcd.go:44] [OCPBUGS-63228][g=group6-888] Group created: users=[user19-888]
I0223 16:17:46.826232       1 etcd.go:49] [OCPBUGS-63228][g=group6-888] Group updated: users=[user19-888 user4-888]
I0223 16:17:57.870922       1 etcd.go:49] [OCPBUGS-63228][g=group17-888] Group updated: users=[user8-888 user10-888 user14-888 user7-888]
I0223 16:18:23.432570       1 etcd.go:49] [OCPBUGS-63228][g=group18-888] Group updated: users=[user1-888 user17-888]
I0223 16:18:50.254716       1 etcd.go:49] [OCPBUGS-63228][g=group3-888] Group updated: users=[user2-888 user11-888]
I0223 16:18:55.394042       1 etcd.go:49] [OCPBUGS-63228][g=group3-888] Group updated: users=[user11-888]
I0223 16:19:16.479011       1 etcd.go:49] [OCPBUGS-63228][g=group4-888] Group updated: users=[user16-888 user13-888 user8-888]
I0223 16:19:38.503749       1 etcd.go:49] [OCPBUGS-63228][g=group7-888] Group updated: users=[user1-888 user8-888 user12-888]
I0223 16:19:55.806267       1 etcd.go:49] [OCPBUGS-63228][g=group18-888] Group updated: users=[user1-888 user17-888 user20-888 user19-888]
I0223 16:20:06.760127       1 etcd.go:49] [OCPBUGS-63228][g=group8-888] Group updated: users=[user4-888 user3-888 user5-888 user13-888 user18-888]
I0223 16:20:55.773393       1 etcd.go:49] [OCPBUGS-63228][g=group6-888] Group updated: users=[user19-888 user4-888 user1-888]
I0223 16:21:06.562680       1 etcd.go:49] [OCPBUGS-63228][g=group16-888] Group updated: users=[user2-888 user20-888 user8-888]
I0223 16:21:12.209176       1 etcd.go:49] [OCPBUGS-63228][g=group11-888] Group updated: users=[user14-888 user6-888 user8-888 user4-888]
I0223 16:21:18.133329       1 etcd.go:49] [OCPBUGS-63228][g=group6-888] Group updated: users=[user19-888 user4-888 user1-888 user2-888]
I0223 16:21:46.063631       1 etcd.go:49] [OCPBUGS-63228][g=group14-888] Group updated: users=[user7-888 user15-888 user11-888 user10-888 user8-888 user17-888]
I0223 16:22:14.360976       1 etcd.go:49] [OCPBUGS-63228][g=group5-888] Group updated: users=[user11-888 user20-888 user2-888 user3-888 user16-888 user10-888 user9-888 user4-888 user15-888]
I0223 16:22:47.121974       1 etcd.go:49] [OCPBUGS-63228][g=group15-888] Group updated: users=[user5-888 user2-888 user4-888 user9-888 user18-888]
I0223 16:22:52.774016       1 etcd.go:49] [OCPBUGS-63228][g=group19-888] Group updated: users=[user7-888 user20-888 user4-888 user15-888 user1-888]
I0223 16:23:19.002819       1 etcd.go:49] [OCPBUGS-63228][g=group16-888] Group updated: users=[user2-888 user20-888 user8-888 user14-888]
I0224 10:26:58.067821       1 etcd.go:44] [OCPBUGS-63228][g=group15-999] Group created: users=[user1-999]
I0224 10:27:02.133538       1 etcd.go:44] [OCPBUGS-63228][g=group17-999] Group created: users=[user13-999]
I0224 10:27:10.117565       1 etcd.go:44] [OCPBUGS-63228][g=group5-999] Group created: users=[user9-999]
I0224 10:27:45.936792       1 etcd.go:49] [OCPBUGS-63228][g=group17-999] Group updated: users=[user13-999 user17-999]
I0224 10:28:02.266775       1 etcd.go:44] [OCPBUGS-63228][g=group20-999] Group created: users=[user18-999]
I0224 10:28:33.884772       1 etcd.go:49] [OCPBUGS-63228][g=group20-999] Group updated: users=[user18-999 user15-999 user5-999]
I0224 10:28:41.721075       1 etcd.go:49] [OCPBUGS-63228][g=group20-999] Group updated: users=[user18-999 user15-999 user5-999 user2-999]
I0224 10:28:45.779702       1 etcd.go:49] [OCPBUGS-63228][g=group4-999] Group updated: users=[user12-999 user19-999 user5-999]
I0224 10:28:57.748063       1 etcd.go:49] [OCPBUGS-63228][g=group19-999] Group updated: users=[user18-999 user1-999 user14-999]
I0224 10:29:13.412638       1 etcd.go:49] [OCPBUGS-63228][g=group13-999] Group updated: users=[user8-999 user3-999]
I0224 10:29:29.371527       1 etcd.go:49] [OCPBUGS-63228][g=group11-999] Group updated: users=[user8-999 user12-999]
I0224 10:29:33.296508       1 etcd.go:49] [OCPBUGS-63228][g=group10-999] Group updated: users=[user6-999 user16-999]
I0224 10:29:37.127019       1 etcd.go:49] [OCPBUGS-63228][g=group15-999] Group updated: users=[user1-999 user15-999 user17-999 user13-999]
I0224 10:29:40.971563       1 etcd.go:49] [OCPBUGS-63228][g=group1-999] Group updated: users=[user2-999 user20-999]
I0224 10:29:45.093802       1 etcd.go:49] [OCPBUGS-63228][g=group18-999] Group updated: users=[user19-999 user2-999]
I0224 10:30:12.810307       1 etcd.go:49] [OCPBUGS-63228][g=group11-999] Group updated: users=[user8-999]
I0224 10:30:16.650991       1 etcd.go:44] [OCPBUGS-63228][g=group12-999] Group created: users=[user2-999]
I0224 10:30:24.719571       1 etcd.go:49] [OCPBUGS-63228][g=group17-999] Group updated: users=[user13-999 user17-999 user2-999 user7-999 user4-999]
I0224 10:30:32.674384       1 etcd.go:49] [OCPBUGS-63228][g=group2-999] Group updated: users=[user20-999 user12-999]
I0224 10:30:44.529628       1 etcd.go:49] [OCPBUGS-63228][g=group20-999] Group updated: users=[user18-999 user15-999 user5-999 user2-999 user11-999]
I0224 10:31:08.182973       1 etcd.go:49] [OCPBUGS-63228][g=group19-999] Group updated: users=[user18-999 user1-999 user14-999 user19-999 user8-999]
I0224 10:31:31.398151       1 etcd.go:49] [OCPBUGS-63228][g=group7-999] Group updated: users=[user19-999 user17-999 user4-999 user18-999 user11-999 user7-999 user9-999]
I0224 10:31:35.170061       1 etcd.go:49] [OCPBUGS-63228][g=group6-999] Group updated: users=[user5-999 user18-999 user12-999]
I0224 10:35:56.949902       1 etcd.go:44] [OCPBUGS-63228][g=group5-123] Group created: users=[user12-123]
I0224 10:36:12.320504       1 etcd.go:44] [OCPBUGS-63228][g=group13-123] Group created: users=[user4-123]
I0224 10:36:23.654252       1 etcd.go:44] [OCPBUGS-63228][g=group20-123] Group created: users=[user20-123]
I0224 10:36:51.225896       1 etcd.go:49] [OCPBUGS-63228][g=group14-123] Group updated: users=[user19-123 user2-123]
I0224 10:36:59.032573       1 etcd.go:44] [OCPBUGS-63228][g=group4-123] Group created: users=[user8-123]
I0224 10:37:49.482097       1 etcd.go:49] [OCPBUGS-63228][g=group12-123] Group updated: users=[user4-123 user7-123 user12-123]
I0224 10:37:57.135121       1 etcd.go:49] [OCPBUGS-63228][g=group9-123] Group updated: users=[user9-123 user17-123 user20-123 user18-123]
I0224 10:38:24.078382       1 etcd.go:49] [OCPBUGS-63228][g=group9-123] Group updated: users=[user9-123 user17-123 user20-123]
I0224 10:38:31.616129       1 etcd.go:49] [OCPBUGS-63228][g=group13-123] Group updated: users=[user4-123 user15-123 user10-123 user16-123]
I0224 10:38:35.390263       1 etcd.go:49] [OCPBUGS-63228][g=group15-123] Group updated: users=[user20-123 user15-123]
I0224 10:38:39.294288       1 etcd.go:49] [OCPBUGS-63228][g=group4-123] Group updated: users=[user18-123 user12-123 user14-123]
I0224 10:38:50.908778       1 etcd.go:49] [OCPBUGS-63228][g=group13-123] Group updated: users=[user4-123 user10-123 user16-123]
I0224 10:39:02.494154       1 etcd.go:49] [OCPBUGS-63228][g=group11-123] Group updated: users=[user3-123 user1-123]
I0224 10:39:06.340436       1 etcd.go:49] [OCPBUGS-63228][g=group1-123] Group updated: users=[user5-123 user19-123]
I0224 10:39:17.765430       1 etcd.go:49] [OCPBUGS-63228][g=group17-123] Group updated: users=[user16-123 user13-123]
I0224 10:39:26.677273       1 etcd.go:49] [OCPBUGS-63228][g=group4-123] Group updated: users=[user18-123 user14-123 user10-123]
I0224 10:39:42.507465       1 etcd.go:49] [OCPBUGS-63228][g=group4-123] Group updated: users=[user18-123 user14-123 user10-123 user3-123]
I0224 10:39:51.908201       1 etcd.go:49] [OCPBUGS-63228][g=group18-123] Group updated: users=[user2-123 user6-123 user20-123 user8-123]
I0224 10:40:01.374469       1 etcd.go:49] [OCPBUGS-63228][g=group16-123] Group updated: users=[user6-123 user12-123]
I0224 10:40:17.206675       1 etcd.go:49] [OCPBUGS-63228][g=group18-123] Group updated: users=[user2-123 user6-123 user20-123 user8-123 user15-123]
I0224 10:40:33.635529       1 etcd.go:49] [OCPBUGS-63228][g=group8-123] Group updated: users=[user18-123 user14-123 user3-123 user12-123]
I0224 10:40:49.020226       1 etcd.go:49] [OCPBUGS-63228][g=group5-123] Group updated: users=[user20-123]
I0224 10:41:04.409534       1 etcd.go:49] [OCPBUGS-63228][g=group20-123] Group updated: users=[user20-123 user16-123 user17-123 user4-123]
I0224 10:41:11.894346       1 etcd.go:49] [OCPBUGS-63228][g=group9-123] Group updated: users=[user9-123 user17-123 user20-123 user8-123 user1-123]
I0224 10:41:28.880933       1 etcd.go:49] [OCPBUGS-63228][g=group4-123] Group updated: users=[user18-123 user14-123 user3-123 user6-123 user7-123 user8-123]
I0224 10:41:32.630440       1 etcd.go:49] [OCPBUGS-63228][g=group10-123] Group updated: users=[user20-123 user4-123 user15-123 user13-123 user2-123]
I0224 10:41:55.698284       1 etcd.go:49] [OCPBUGS-63228][g=group6-123] Group updated: users=[user19-123 user9-123 user3-123 user20-123]
I0224 10:41:59.515314       1 etcd.go:49] [OCPBUGS-63228][g=group18-123] Group updated: users=[user2-123 user6-123 user20-123 user8-123 user15-123 user12-123]
I0224 10:42:03.429896       1 etcd.go:49] [OCPBUGS-63228][g=group3-123] Group updated: users=[user5-123 user13-123]
I0224 10:42:07.176214       1 etcd.go:49] [OCPBUGS-63228][g=group5-123] Group updated: users=[user20-123 user16-123]
I0224 10:42:14.836940       1 etcd.go:49] [OCPBUGS-63228][g=group11-123] Group updated: users=[user3-123 user1-123 user8-123 user12-123]
I0224 10:42:30.142149       1 etcd.go:49] [OCPBUGS-63228][g=group17-123] Group updated: users=[user16-123 user13-123 user9-123 user6-123]
I0224 10:42:34.042778       1 etcd.go:49] [OCPBUGS-63228][g=group14-123] Group updated: users=[user19-123 user2-123 user14-123 user17-123 user11-123]
