I0223 15:14:59.553807       1 etcd.go:44] [OCPBUGS-63228][g=group2-666] Group created: users=[user4-666]
I0223 15:15:10.567567       1 etcd.go:44] [OCPBUGS-63228][g=group18-666] Group created: users=[user9-666]
I0223 15:15:22.306649       1 etcd.go:44] [OCPBUGS-63228][g=group1-666] Group created: users=[user16-666]
I0223 15:15:45.388076       1 etcd.go:44] [OCPBUGS-63228][g=group7-666] Group created: users=[user8-666]
I0223 15:16:40.522551       1 etcd.go:49] [OCPBUGS-63228][g=group6-666] Group updated: users=[user8-666 user2-666 user14-666]
I0223 15:16:57.947772       1 etcd.go:44] [OCPBUGS-63228][g=group15-666] Group created: users=[user4-666]
I0223 15:17:20.030630       1 etcd.go:49] [OCPBUGS-63228][g=group3-666] Group updated: users=[user9-666 user6-666]
I0223 15:17:36.857795       1 etcd.go:44] [OCPBUGS-63228][g=group19-666] Group created: users=[user9-666]
I0223 15:17:48.703188       1 etcd.go:49] [OCPBUGS-63228][g=group6-666] Group updated: users=[user8-666 user2-666 user14-666 user17-666 user1-666]
I0223 15:18:05.805668       1 etcd.go:49] [OCPBUGS-63228][g=group8-666] Group updated: users=[user17-666 user13-666]
I0223 15:18:11.211568       1 etcd.go:49] [OCPBUGS-63228][g=group19-666] Group updated: users=[user9-666 user20-666]
I0223 15:18:34.909166       1 etcd.go:49] [OCPBUGS-63228][g=group3-666] Group updated: users=[user9-666 user6-666 user2-666 user11-666]
I0223 15:18:40.636512       1 etcd.go:49] [OCPBUGS-63228][g=group17-666] Group updated: users=[user16-666 user13-666]
I0223 15:19:03.884256       1 etcd.go:44] [OCPBUGS-63228][g=group4-666] Group created: users=[user11-666]
I0223 15:19:21.069083       1 etcd.go:49] [OCPBUGS-63228][g=group18-666] Group updated: users=[user9-666 user5-666 user17-666]
I0223 15:20:18.608765       1 etcd.go:44] [OCPBUGS-63228][g=group11-666] Group created: users=[user17-666]
I0223 15:20:52.513278       1 etcd.go:49] [OCPBUGS-63228][g=group9-666] Group updated: users=[user16-666 user9-666 user20-666 user6-666]
I0223 15:20:57.958557       1 etcd.go:49] [OCPBUGS-63228][g=group17-666] Group updated: users=[user16-666 user13-666 user6-666]
I0223 15:21:09.405829       1 etcd.go:49] [OCPBUGS-63228][g=group14-666] Group updated: users=[user13-666 user20-666]
I0223 15:21:14.940625       1 etcd.go:49] [OCPBUGS-63228][g=group3-666] Group updated: users=[user9-666 user6-666 user2-666 user11-666 user20-666 user1-666]
I0223 15:21:37.072675       1 etcd.go:49] [OCPBUGS-63228][g=group13-666] Group updated: users=[user20-666 user2-666 user19-666 user1-666 user3-666 user18-666]
I0223 15:22:22.936002       1 etcd.go:49] [OCPBUGS-63228][g=group5-666] Group updated: users=[user11-666 user16-666 user20-666]
I0223 15:22:28.473230       1 etcd.go:49] [OCPBUGS-63228][g=group4-666] Group updated: users=[user11-666 user19-666 user4-666]
I0223 15:22:39.735724       1 etcd.go:49] [OCPBUGS-63228][g=group10-666] Group updated: users=[user4-666 user18-666 user20-666 user17-666 user5-666]
I0223 15:22:45.568785       1 etcd.go:49] [OCPBUGS-63228][g=group19-666] Group updated: users=[user9-666 user20-666 user1-666 user13-666]
I0223 15:22:51.604464       1 etcd.go:49] [OCPBUGS-63228][g=group4-666] Group updated: users=[user11-666 user19-666 user4-666 user16-666]
I0223 15:22:57.545860       1 etcd.go:49] [OCPBUGS-63228][g=group3-666] Group updated: users=[user9-666 user6-666 user2-666 user20-666 user1-666]
I0223 15:23:20.075213       1 etcd.go:49] [OCPBUGS-63228][g=group6-666] Group updated: users=[user8-666 user2-666 user14-666 user17-666 user1-666 user18-666 user12-666]
I0223 15:23:25.908139       1 etcd.go:49] [OCPBUGS-63228][g=group18-666] Group updated: users=[user9-666 user5-666 user17-666 user12-666]
I0223 15:23:31.656682       1 etcd.go:49] [OCPBUGS-63228][g=group15-666] Group updated: users=[user14-666 user6-666]
I0223 15:24:10.049485       1 etcd.go:49] [OCPBUGS-63228][g=group15-666] Group updated: users=[user14-666 user6-666 user1-666]
I0223 15:24:15.777693       1 etcd.go:49] [OCPBUGS-63228][g=group4-666] Group updated: users=[user11-666 user19-666 user4-666 user16-666 user10-666 user13-666]
I0223 15:24:32.624853       1 etcd.go:49] [OCPBUGS-63228][g=group4-666] Group updated: users=[user11-666 user19-666 user4-666 user16-666 user10-666 user13-666 user14-666]
I0223 15:24:43.532057       1 etcd.go:49] [OCPBUGS-63228][g=group7-666] Group updated: users=[user8-666 user6-666 user14-666 user20-666 user7-666]
I0223 15:24:55.375523       1 etcd.go:49] [OCPBUGS-63228][g=group13-666] Group updated: users=[user20-666 user2-666 user19-666 user1-666 user3-666 user18-666 user9-666 user8-666]
I0223 15:25:06.193458       1 etcd.go:49] [OCPBUGS-63228][g=group20-666] Group updated: users=[user6-666 user4-666 user15-666]
I0223 15:25:23.053310       1 etcd.go:49] [OCPBUGS-63228][g=group12-666] Group updated: users=[user2-666 user9-666 user11-666]
I0223 15:25:44.367005       1 etcd.go:49] [OCPBUGS-63228][g=group3-666] Group updated: users=[user9-666 user6-666 user2-666 user20-666 user1-666 user15-666]
I0223 15:26:01.201170       1 etcd.go:49] [OCPBUGS-63228][g=group4-666] Group updated: users=[user11-666 user19-666 user4-666 user16-666 user10-666 user13-666 user14-666 user5-666]
I0223 15:26:11.722936       1 etcd.go:49] [OCPBUGS-63228][g=group13-666] Group updated: users=[user20-666 user2-666 user19-666 user1-666 user9-666 user8-666]
I0223 15:26:17.389687       1 etcd.go:49] [OCPBUGS-63228][g=group5-666] Group updated: users=[user11-666 user20-666 user9-666 user1-666]
I0223 15:26:23.282346       1 etcd.go:49] [OCPBUGS-63228][g=group12-666] Group updated: users=[user2-666 user9-666]
I0223 15:26:28.541013       1 etcd.go:49] [OCPBUGS-63228][g=group10-666] Group updated: users=[user4-666 user17-666 user5-666]
I0223 15:26:56.459709       1 etcd.go:49] [OCPBUGS-63228][g=group11-666] Group updated: users=[user17-666 user7-666 user14-666 user15-666]
I0223 15:27:12.685595       1 etcd.go:49] [OCPBUGS-63228][g=group5-666] Group updated: users=[user11-666 user20-666 user9-666 user1-666 user5-666]
I0223 15:27:28.674445       1 etcd.go:49] [OCPBUGS-63228][g=group7-666] Group updated: users=[user8-666 user6-666 user14-666 user20-666 user7-666 user3-666 user12-666]
I0223 15:27:34.422738       1 etcd.go:49] [OCPBUGS-63228][g=group5-666] Group updated: users=[user11-666 user20-666 user9-666 user1-666 user5-666 user13-666]
I0223 15:27:44.899607       1 etcd.go:49] [OCPBUGS-63228][g=group1-666] Group updated: users=[user15-666 user3-666 user11-666 user7-666]
I0223 15:38:08.709729       1 etcd.go:44] [OCPBUGS-63228][g=group20-777] Group created: users=[user1-777]
I0223 15:38:13.230378       1 etcd.go:44] [OCPBUGS-63228][g=group8-777] Group created: users=[user15-777]
I0223 15:38:35.655314       1 etcd.go:44] [OCPBUGS-63228][g=group3-777] Group created: users=[user4-777]
I0223 15:39:20.970074       1 etcd.go:44] [OCPBUGS-63228][g=group2-777] Group created: users=[user20-777]
I0223 15:39:30.022334       1 etcd.go:49] [OCPBUGS-63228][g=group1-777] Group updated: users=[user20-777 user3-777 user13-777]
I0223 15:39:57.351469       1 etcd.go:49] [OCPBUGS-63228][g=group18-777] Group updated: users=[user2-777 user12-777]
I0223 15:40:10.975231       1 etcd.go:54] [OCPBUGS-63228][g=group2-777] Group deleted
I0223 15:40:42.425507       1 etcd.go:49] [OCPBUGS-63228][g=group17-777] Group updated: users=[user6-777 user8-777 user5-777 user16-777]
I0223 15:41:00.387293       1 etcd.go:49] [OCPBUGS-63228][g=group4-777] Group updated: users=[user20-777 user4-777 user11-777 user16-777]
I0223 15:41:09.386959       1 etcd.go:44] [OCPBUGS-63228][g=group19-777] Group created: users=[user6-777]
I0223 15:41:41.229595       1 etcd.go:49] [OCPBUGS-63228][g=group11-777] Group updated: users=[user12-777 user14-777 user6-777]
I0223 16:13:59.465631       1 etcd.go:44] [OCPBUGS-63228][g=group17-888] Group created: users=[user8-888]
I0223 16:14:16.556582       1 etcd.go:49] [OCPBUGS-63228][g=group1-888] Group updated: users=[user8-888 user1-888 user7-888]
I0223 16:14:22.640204       1 etcd.go:44] [OCPBUGS-63228][g=group10-888] Group created: users=[user4-888]
I0223 16:14:34.040424       1 etcd.go:49] [OCPBUGS-63228][g=group8-888] Group updated: users=[user4-888 user3-888]
I0223 16:14:56.816742       1 etcd.go:49] [OCPBUGS-63228][g=group4-888] Group updated: users=[user16-888 user13-888]
I0223 16:15:02.498939       1 etcd.go:44] [OCPBUGS-63228][g=group14-888] Group created: users=[user7-888]
I0223 16:15:30.273376       1 etcd.go:44] [OCPBUGS-63228][g=group6-888] Group created: users=[user17-888]
I0223 16:15:41.867664       1 etcd.go:44] [OCPBUGS-63228][g=group5-888] Group created: users=[user11-888]
I0223 16:16:09.717847       1 etcd.go:49] [OCPBUGS-63228][g=group5-888] Group updated: users=[user11-888 user20-888]
I0223 16:16:15.329028       1 etcd.go:54] [OCPBUGS-63228][g=group6-888] Group deleted
I0223 16:16:21.487024       1 etcd.go:49] [OCPBUGS-63228][g=group1-888] Group updated: users=[user8-888 user1-888 user7-888 user12-888 user13-888 user18-888]
I0223 16:16:33.081632       1 etcd.go:49] [OCPBUGS-63228][g=group12-888] Group updated: users=[user11-888 user3-888]
I0223 16:16:44.206769       1 etcd.go:49] [OCPBUGS-63228][g=group8-888] Group updated: users=[user4-888 user3-888 user5-888]
I0223 16:17:01.190205       1 etcd.go:49] [OCPBUGS-63228][g=group12-888] Group updated: users=[user3-888]
I0223 16:17:23.751313       1 etcd.go:44] [OCPBUGS-63228][g=group13-888] Group created: users=[user16-888]
I0223 16:17:35.512925       1 etcd.go:49] [OCPBUGS-63228][g=group14-888] Group updated: users=[user7-888 user15-888 user13-888]
I0223 16:17:41.146727       1 etcd.go:44] [OCPBUGS-63228][g=group3-888] Group created: users=[user2-888]
I0223 16:18:07.996023       1 etcd.go:49] [OCPBUGS-63228][g=group1-888] Group updated: users=[user8-888 user1-888 user7-888 user12-888 user13-888 user18-888 user5-888]
I0223 16:18:13.704910       1 etcd.go:44] [OCPBUGS-63228][g=group7-888] Group created: users=[user1-888]
I0223 16:18:18.727135       1 etcd.go:49] [OCPBUGS-63228][g=group13-888] Group updated: users=[user16-888 user14-888]
I0223 16:18:34.662991       1 etcd.go:49] [OCPBUGS-63228][g=group15-888] Group updated: users=[user5-888 user2-888]
I0223 16:18:45.581770       1 etcd.go:49] [OCPBUGS-63228][g=group14-888] Group updated: users=[user7-888 user15-888 user13-888 user11-888]
I0223 16:19:00.302447       1 etcd.go:49] [OCPBUGS-63228][g=group10-888] Group updated: users=[user4-888 user5-888 user12-888]
I0223 16:19:05.255517       1 etcd.go:49] [OCPBUGS-63228][g=group2-888] Group updated: users=[user4-888 user16-888]
I0223 16:19:27.537725       1 etcd.go:49] [OCPBUGS-63228][g=group7-888] Group updated: users=[user1-888 user8-888]
I0223 16:19:44.344226       1 etcd.go:49] [OCPBUGS-63228][g=group15-888] Group updated: users=[user5-888 user2-888 user4-888]
I0223 16:20:12.401532       1 etcd.go:44] [OCPBUGS-63228][g=group9-888] Group created: users=[user18-888]
I0223 16:20:17.920393       1 etcd.go:49] [OCPBUGS-63228][g=group9-888] Group updated: users=[user18-888 user15-888]
I0223 16:20:39.100215       1 etcd.go:49] [OCPBUGS-63228][g=group13-888] Group updated: users=[user16-888 user14-888 user12-888]
I0223 16:21:29.295493       1 etcd.go:49] [OCPBUGS-63228][g=group20-888] Group updated: users=[user17-888 user2-888 user10-888]
I0223 16:21:34.717787       1 etcd.go:49] [OCPBUGS-63228][g=group14-888] Group updated: users=[user7-888 user15-888 user11-888 user10-888 user8-888]
I0223 16:21:40.353048       1 etcd.go:49] [OCPBUGS-63228][g=group2-888] Group updated: users=[user4-888 user16-888 user1-888]
I0223 16:22:02.875005       1 etcd.go:49] [OCPBUGS-63228][g=group6-888] Group updated: users=[user19-888 user4-888 user1-888 user2-888 user17-888]
I0223 16:22:19.927715       1 etcd.go:49] [OCPBUGS-63228][g=group17-888] Group updated: users=[user8-888 user10-888 user14-888 user7-888 user18-888 user1-888]
I0223 16:22:42.046248       1 etcd.go:49] [OCPBUGS-63228][g=group7-888] Group updated: users=[user1-888 user8-888 user12-888 user14-888 user16-888 user19-888]
I0223 16:22:58.275759       1 etcd.go:49] [OCPBUGS-63228][g=group1-888] Group updated: users=[user1-888 user7-888 user12-888 user13-888 user18-888 user5-888 user3-888]
I0223 16:23:03.601309       1 etcd.go:49] [OCPBUGS-63228][g=group8-888] Group updated: users=[user4-888 user3-888 user13-888 user18-888]
I0223 16:23:13.635832       1 etcd.go:49] [OCPBUGS-63228][g=group9-888] Group updated: users=[user18-888 user15-888 user7-888 user4-888]
I0223 16:23:24.728607       1 etcd.go:49] [OCPBUGS-63228][g=group7-888] Group updated: users=[user1-888 user8-888 user12-888 user14-888 user16-888 user19-888 user7-888]
I0224 10:27:37.945049       1 etcd.go:44] [OCPBUGS-63228][g=group19-999] Group created: users=[user18-999]
I0224 10:27:41.878900       1 etcd.go:49] [OCPBUGS-63228][g=group19-999] Group updated: users=[user18-999 user1-999]
I0224 10:27:50.163708       1 etcd.go:44] [OCPBUGS-63228][g=group14-999] Group created: users=[user15-999]
I0224 10:28:06.377830       1 etcd.go:49] [OCPBUGS-63228][g=group2-999] Group updated: users=[user20-999 user12-999]
I0224 10:28:10.372203       1 etcd.go:49] [OCPBUGS-63228][g=group17-999] Group updated: users=[user13-999 user17-999 user2-999]
I0224 10:28:22.070197       1 etcd.go:44] [OCPBUGS-63228][g=group10-999] Group created: users=[user6-999]
I0224 10:28:26.045671       1 etcd.go:49] [OCPBUGS-63228][g=group4-999] Group updated: users=[user12-999 user19-999]
I0224 10:28:37.853192       1 etcd.go:49] [OCPBUGS-63228][g=group7-999] Group updated: users=[user19-999 user17-999]
I0224 10:28:53.783783       1 etcd.go:49] [OCPBUGS-63228][g=group4-999] Group updated: users=[user12-999 user19-999 user5-999 user7-999]
I0224 10:29:09.538754       1 etcd.go:49] [OCPBUGS-63228][g=group7-999] Group updated: users=[user19-999 user17-999 user4-999]
I0224 10:29:21.541474       1 etcd.go:44] [OCPBUGS-63228][g=group18-999] Group created: users=[user19-999]
I0224 10:29:25.401180       1 etcd.go:49] [OCPBUGS-63228][g=group7-999] Group updated: users=[user19-999 user17-999 user4-999 user18-999]
I0224 10:29:48.935506       1 etcd.go:49] [OCPBUGS-63228][g=group17-999] Group updated: users=[user13-999 user17-999 user2-999 user7-999]
I0224 10:29:52.775044       1 etcd.go:49] [OCPBUGS-63228][g=group7-999] Group updated: users=[user19-999 user17-999 user4-999 user18-999 user11-999]
I0224 10:30:08.941111       1 etcd.go:49] [OCPBUGS-63228][g=group19-999] Group updated: users=[user18-999 user1-999 user14-999 user19-999]
I0224 10:30:36.522789       1 etcd.go:49] [OCPBUGS-63228][g=group7-999] Group updated: users=[user19-999 user17-999 user4-999 user18-999 user11-999 user7-999]
I0224 10:30:40.489231       1 etcd.go:49] [OCPBUGS-63228][g=group5-999] Group updated: users=[user9-999 user18-999 user19-999]
I0224 10:30:48.373698       1 etcd.go:49] [OCPBUGS-63228][g=group4-999] Group updated: users=[user12-999 user19-999 user5-999 user7-999 user18-999 user16-999]
I0224 10:30:52.224201       1 etcd.go:49] [OCPBUGS-63228][g=group14-999] Group updated: users=[user15-999 user7-999]
I0224 10:31:12.096158       1 etcd.go:49] [OCPBUGS-63228][g=group12-999] Group updated: users=[user2-999 user7-999]
I0224 10:35:45.196257       1 etcd.go:44] [OCPBUGS-63228][g=group9-123] Group created: users=[user9-123]
I0224 10:35:49.126033       1 etcd.go:44] [OCPBUGS-63228][g=group17-123] Group created: users=[user16-123]
I0224 10:35:53.036298       1 etcd.go:44] [OCPBUGS-63228][g=group1-123] Group created: users=[user5-123]
I0224 10:36:16.144087       1 etcd.go:49] [OCPBUGS-63228][g=group9-123] Group updated: users=[user9-123 user17-123]
I0224 10:36:19.903890       1 etcd.go:44] [OCPBUGS-63228][g=group7-123] Group created: users=[user4-123]
I0224 10:36:39.312952       1 etcd.go:44] [OCPBUGS-63228][g=group8-123] Group created: users=[user18-123]
I0224 10:36:43.231432       1 etcd.go:44] [OCPBUGS-63228][g=group12-123] Group created: users=[user4-123]
I0224 10:36:55.250369       1 etcd.go:49] [OCPBUGS-63228][g=group12-123] Group updated: users=[user4-123 user7-123]
I0224 10:37:02.913917       1 etcd.go:44] [OCPBUGS-63228][g=group10-123] Group created: users=[user20-123]
I0224 10:37:06.769910       1 etcd.go:49] [OCPBUGS-63228][g=group7-123] Group updated: users=[user4-123 user12-123]
I0224 10:37:14.525226       1 etcd.go:49] [OCPBUGS-63228][g=group4-123] Group updated: users=[user8-123 user18-123]
I0224 10:37:22.164930       1 etcd.go:49] [OCPBUGS-63228][g=group13-123] Group updated: users=[user4-123 user15-123]
I0224 10:37:29.775605       1 etcd.go:49] [OCPBUGS-63228][g=group2-123] Group updated: users=[user7-123 user10-123 user13-123]
I0224 10:37:33.650045       1 etcd.go:49] [OCPBUGS-63228][g=group14-123] Group updated: users=[user19-123 user2-123 user14-123]
I0224 10:38:04.897858       1 etcd.go:49] [OCPBUGS-63228][g=group2-123] Group updated: users=[user7-123 user10-123 user13-123 user8-123]
I0224 10:38:08.692459       1 etcd.go:44] [OCPBUGS-63228][g=group15-123] Group created: users=[user20-123]
I0224 10:38:12.452983       1 etcd.go:49] [OCPBUGS-63228][g=group20-123] Group updated: users=[user20-123 user16-123 user17-123]
I0224 10:38:20.157108       1 etcd.go:44] [OCPBUGS-63228][g=group3-123] Group created: users=[user5-123]
I0224 10:38:27.821707       1 etcd.go:49] [OCPBUGS-63228][g=group13-123] Group updated: users=[user4-123 user15-123 user10-123]
I0224 10:38:43.295180       1 etcd.go:49] [OCPBUGS-63228][g=group9-123] Group updated: users=[user9-123 user17-123 user20-123 user8-123]
I0224 10:38:54.759346       1 etcd.go:49] [OCPBUGS-63228][g=group4-123] Group updated: users=[user18-123 user14-123]
I0224 10:39:30.414547       1 etcd.go:49] [OCPBUGS-63228][g=group18-123] Group updated: users=[user2-123 user6-123 user20-123]
I0224 10:39:36.860370       1 etcd.go:49] [OCPBUGS-63228][g=group17-123] Group updated: users=[user16-123 user13-123 user9-123]
I0224 10:39:46.350968       1 etcd.go:49] [OCPBUGS-63228][g=group6-123] Group updated: users=[user19-123]
I0224 10:40:11.173931       1 etcd.go:49] [OCPBUGS-63228][g=group4-123] Group updated: users=[user18-123 user14-123 user10-123 user3-123 user6-123]
I0224 10:40:26.085078       1 etcd.go:49] [OCPBUGS-63228][g=group16-123] Group updated: users=[user6-123 user12-123 user13-123]
I0224 10:40:29.865739       1 etcd.go:49] [OCPBUGS-63228][g=group13-123] Group updated: users=[user4-123 user10-123 user16-123 user17-123]
I0224 10:40:37.377958       1 etcd.go:49] [OCPBUGS-63228][g=group4-123] Group updated: users=[user18-123 user14-123 user10-123 user3-123 user6-123 user7-123]
I0224 10:40:45.038199       1 etcd.go:49] [OCPBUGS-63228][g=group10-123] Group updated: users=[user20-123 user4-123 user15-123]
I0224 10:40:52.889072       1 etcd.go:49] [OCPBUGS-63228][g=group15-123] Group updated: users=[user20-123 user15-123 user17-123]
I0224 10:41:08.160294       1 etcd.go:49] [OCPBUGS-63228][g=group8-123] Group updated: users=[user18-123 user14-123 user12-123]
I0224 10:41:15.620153       1 etcd.go:49] [OCPBUGS-63228][g=group7-123] Group updated: users=[user4-123 user12-123 user13-123 user3-123]
I0224 10:41:20.438613       1 etcd.go:49] [OCPBUGS-63228][g=group10-123] Group updated: users=[user20-123 user4-123 user15-123 user13-123]
I0224 10:41:24.906010       1 etcd.go:49] [OCPBUGS-63228][g=group14-123] Group updated: users=[user19-123 user2-123 user14-123 user17-123]
I0224 10:41:40.207350       1 etcd.go:49] [OCPBUGS-63228][g=group13-123] Group updated: users=[user4-123 user10-123 user16-123 user17-123 user11-123]
I0224 10:41:44.054531       1 etcd.go:49] [OCPBUGS-63228][g=group4-123] Group updated: users=[user18-123 user14-123 user3-123 user6-123 user8-123]
I0224 10:41:47.976414       1 etcd.go:49] [OCPBUGS-63228][g=group6-123] Group updated: users=[user19-123 user9-123 user3-123]
I0224 10:41:51.869167       1 etcd.go:49] [OCPBUGS-63228][g=group19-123] Group updated: users=[user7-123 user3-123 user11-123 user10-123 user16-123]
